<?xml version="1.0" encoding="UTF-8" standalone="no"?>
<testsuite failures="0" name="cucumber.runtime.formatter.JUnitFormatter" skipped="0" tests="18" time="28.356459">
<testcase classname="The mock should remember requests and responses using the Service U1,U2" name="Learn a response and verify it remembers it &#9; correctly. TF:2.01" time="0.602116">
<system-out><![CDATA[Given Mimicservice is up and running........................................passed
And has learned request "Number" and response "One".........................passed
When I give request "Number"................................................passed
Then I get response "One"...................................................passed
]]></system-out>
</testcase>
<testcase classname="The mock should remember requests and responses using the Service U1,U2" name="Try to get a response from a non-existing request. TF:2.03" time="0.142273">
<system-out><![CDATA[Given Mimicservice is up and running........................................passed
When I give request "adasda"................................................passed
Then I get response Form....................................................passed
]]></system-out>
</testcase>
<testcase classname="The mock should remember requests and responses using the Service U1,U2" name="Learning multiple req/resp and verify it remembers not only first/last response. TF:2.04" time="0.721717">
<system-out><![CDATA[Given Mimicservice is up and running........................................passed
And has learned request "Banana" and response "Skids".......................passed
And has learned request "Laurel" and response "Hardy".......................passed
And has learned request "Ful" and response "Bil"............................passed
When I give request "Laurel"................................................passed
Then I get response "Hardy".................................................passed
]]></system-out>
</testcase>
<testcase classname="The mock should learn to respond to requests that I have not defined so that i do not have to add code for that manually" name="Learning to calculate addition." time="1.049606">
<system-out><![CDATA[Given Mimicservice is up and running........................................passed
And Mimic has no learned requests...........................................passed
When I "add" values 5 and 2 with answer 7...................................passed
And I "add" values 5 and 4 with answer 9....................................passed
And I "add" values 9 and 4 with answer 13...................................passed
And I ask for 5 "add" 30....................................................passed
Then I get response "35"....................................................passed
]]></system-out>
</testcase>
<testcase classname="The mock should learn to respond to requests that I have not defined so that i do not have to add code for that manually" name="Learning to calculate subtraction." time="0.608917">
<system-out><![CDATA[Given Mimicservice is up and running........................................passed
And Mimic has no learned requests...........................................passed
When I "sub" values 5 and 2 with answer 3...................................passed
And I "sub" values 5 and 4 with answer 1....................................passed
And I "sub" values 9 and 4 with answer 5....................................passed
And I ask for 35 "sub" 5....................................................passed
Then I get response "30"....................................................passed
]]></system-out>
</testcase>
<testcase classname="The mock should learn to respond to requests that I have not defined so that i do not have to add code for that manually" name="Learning to calculate division." time="0.68392">
<system-out><![CDATA[Given Mimicservice is up and running........................................passed
And Mimic has no learned requests...........................................passed
When I "div" values 6 and 2 with answer 3...................................passed
And I "div" values 10 and 2 with answer 5...................................passed
And I "div" values 10 and 5 with answer 2...................................passed
And I ask for 30 "div" 3....................................................passed
Then I get response "10"....................................................passed
]]></system-out>
</testcase>
<testcase classname="The mock should learn to respond to requests that I have not defined so that i do not have to add code for that manually" name="Learning to calculate multiply." time="0.616343">
<system-out><![CDATA[Given Mimicservice is up and running........................................passed
And Mimic has no learned requests...........................................passed
When I "mult" values 5 and 2 with answer 10.................................passed
And I "mult" values 5 and 5 with answer 25..................................passed
And I "mult" values 9 and 4 with answer 36..................................passed
And I ask for 5 "mult" 30...................................................passed
Then I get response "150"...................................................passed
]]></system-out>
</testcase>
<testcase classname="The mock should learn to respond to requests that I have not defined so that i do not have to add code for that manually" name="Learning to calculate subtraction with a negative answer." time="0.573075">
<system-out><![CDATA[Given Mimicservice is up and running........................................passed
And Mimic has no learned requests...........................................passed
When I "sub" values 5 and 2 with answer 3...................................passed
And I "sub" values 5 and 4 with answer 1....................................passed
And I "sub" values 9 and 4 with answer 5....................................passed
And I ask for 5 "sub" 35....................................................passed
Then I get response "-30"...................................................passed
]]></system-out>
</testcase>
<testcase classname="The mock should learn to respond to requests that I have not defined so that i do not have to add code for that manually" name="Learning to calculate division and divide by zero." time="0.637445">
<system-out><![CDATA[Given Mimicservice is up and running........................................passed
And Mimic has no learned requests...........................................passed
When I "div" values 6 and 2 with answer 3...................................passed
And I "div" values 10 and 2 with answer 5...................................passed
And I "div" values 10 and 5 with answer 2...................................passed
And I ask for 30 "div" 0....................................................passed
Then I get response ""......................................................passed
]]></system-out>
</testcase>
<testcase classname="The mock should learn to respond to requests that I have not defined so that i do not have to add code for that manually" name="Learning to calculate mulitply with characters that ends the same." time="0.647675">
<system-out><![CDATA[Given Mimicservice is up and running........................................passed
And Mimic has no learned requests...........................................passed
When I "mult" values 5 and 2 with answer 10.................................passed
And I "mult" values 5 and 4 with answer 20..................................passed
And I "mult" values 9 and 4 with answer 36..................................passed
And I ask for 5 "mult" 30...................................................passed
Then I get response "150"...................................................passed
]]></system-out>
</testcase>
<testcase classname="Mimic saves responses in a brain file" name="Add multiple request with multiple responses, then killMimic" time="6.531572">
<system-out><![CDATA[Given Mimicservice is up and running........................................passed
And Mimic has no learned requests...........................................passed
And has learned request "Banana" and response "Skids".......................passed
And has learned request "Banana" and response "Fruit".......................passed
And has learned request "Laurel" and response "Hardy".......................passed
And has learned request "Laurel" and response "Bengt".......................passed
And has learned request "Ful" and response "Bil"............................passed
And has learned request "Ful" and response "Kul"............................passed
When I KillMimic............................................................passed
And Start Mimic.............................................................passed
And I give request "Banana".................................................passed
And I give request "Banana".................................................passed
Then I get response "Fruit".................................................passed
]]></system-out>
</testcase>
<testcase classname="Mimic saves responses in a brain file" name="Add multiple request with multiple responses, then killMimic 2" time="6.090053">
<system-out><![CDATA[Given Mimicservice is up and running........................................passed
And Mimic has no learned requests...........................................passed
And has learned request "Banana" and response "Skids".......................passed
And has learned request "Banana" and response "Fruit".......................passed
And has learned request "Laurel" and response "Hardy".......................passed
And has learned request "Laurel" and response "Bengt".......................passed
And has learned request "Ful" and response "Bil"............................passed
And has learned request "Ful" and response "Kul"............................passed
When I KillMimic............................................................passed
And Start Mimic.............................................................passed
And I give request "Laurel".................................................passed
And I give request "Laurel".................................................passed
Then I get response "Bengt".................................................passed
]]></system-out>
</testcase>
<testcase classname="Mimic saves responses in a brain file" name="Add multiple request with multiple responses, then killMimic 3" time="6.203693">
<system-out><![CDATA[Given Mimicservice is up and running........................................passed
And Mimic has no learned requests...........................................passed
And has learned request "Banana" and response "Skids".......................passed
And has learned request "Banana" and response "Fruit".......................passed
And has learned request "Laurel" and response "Hardy".......................passed
And has learned request "Laurel" and response "Bengt".......................passed
And has learned request "Ful" and response "Bil"............................passed
And has learned request "Ful" and response "Kul"............................passed
When I KillMimic............................................................passed
And Start Mimic.............................................................passed
And I give request "Ful"....................................................passed
And I give request "Ful"....................................................passed
Then I get response "Kul"...................................................passed
]]></system-out>
</testcase>
<testcase classname="As a Tester I would like the mock to unlearn all responses so that I can rerun all the tests without restarting the service" name="Learning multiple req/resp and verify it unlearn all" time="0.350592">
<system-out><![CDATA[Given Mimicservice is up and running........................................passed
And has learned request "Banana" and response "Skids".......................passed
And has learned request "Laurel" and response "Hardy".......................passed
And has learned request "Ful" and response "Bil"............................passed
When I use unlearnAll command...............................................passed
And I give request "Banana".................................................passed
Then I get response Form....................................................passed
]]></system-out>
</testcase>
<testcase classname="As a Tester I would like the mock to unlearn all responses so that I can rerun all the tests without restarting the service" name="Learning multiple req/resp and verify it unlearn all 2" time="0.675956">
<system-out><![CDATA[Given Mimicservice is up and running........................................passed
And has learned request "Banana" and response "Skids".......................passed
And has learned request "Laurel" and response "Hardy".......................passed
And has learned request "Ful" and response "Bil"............................passed
When I use unlearnAll command...............................................passed
And I give request "Laurel".................................................passed
Then I get response Form....................................................passed
]]></system-out>
</testcase>
<testcase classname="As a Tester I would like the mock to unlearn all responses so that I can rerun all the tests without restarting the service" name="Learning multiple req/resp and verify it unlearn all 3" time="0.661062">
<system-out><![CDATA[Given Mimicservice is up and running........................................passed
And has learned request "Banana" and response "Skids".......................passed
And has learned request "Laurel" and response "Hardy".......................passed
And has learned request "Ful" and response "Bil"............................passed
When I use unlearnAll command...............................................passed
And I give request "Ful"....................................................passed
Then I get response Form....................................................passed
]]></system-out>
</testcase>
<testcase classname="As a Tester I would like to unlearn the previously learned response so that I do not have to perform the request again" name="Learn a response then unlearn it. TF:2.02" time="0.543592">
<system-out><![CDATA[Given Mimicservice is up and running........................................passed
And Mimic has no learned requests...........................................passed
And has learned request "Number" and response "One".........................passed
When I use unlearn command..................................................passed
And I give request "Number".................................................passed
Then I get response Form....................................................passed
]]></system-out>
</testcase>
<testcase classname="As a Tester I would like to unlearn the previously learned response so that I do not have to perform the request again" name="Unlearn in the middle of a sequence" time="1.016852">
<system-out><![CDATA[Given Mimicservice is up and running........................................passed
And Mimic has no learned requests...........................................passed
And has learned request "Number" and response "1"...........................passed
And has learned request "Number" and response "2"...........................passed
And I give request "Number".................................................passed
And I give request "Number".................................................passed
And has learned request "Number" and response "3"...........................passed
And I give request "Number".................................................passed
And I give request "Number".................................................passed
And has learned request "Number" and response "4"...........................passed
And I give request "Number".................................................passed
And I give request "Number".................................................passed
When I resetState...........................................................passed
And I give request "Number".................................................passed
And I give request "Number".................................................passed
And I give request "Number".................................................passed
And I use unlearn command...................................................passed
And I give request "Number".................................................passed
Then I get response "2".....................................................passed
]]></system-out>
</testcase>
</testsuite>
