<?xml version="1.0" encoding="UTF-8" standalone="no"?>
<testsuite failures="1" name="cucumber.runtime.formatter.JUnitFormatter" skipped="0" tests="13" time="9.851183">
<testcase classname="The mock should learn to respond to requests that I have not defined so that i do not have to add code for that manually" name="Learning to calculate addition." time="0.658245">
<system-out><![CDATA[Given Mimicservice is up and running........................................passed
And Mimic has no learned requests...........................................passed
When I "add" values 5 and 2 with answer 7...................................passed
And I "add" values 5 and 4 with answer 9....................................passed
And I "add" values 9 and 4 with answer 13...................................passed
And I ask for 5 "add" 30....................................................passed
Then I get response "35"....................................................passed
]]></system-out>
</testcase>
<testcase classname="The mock should learn to respond to requests that I have not defined so that i do not have to add code for that manually" name="Learning to calculate subtraction." time="0.735491">
<system-out><![CDATA[Given Mimicservice is up and running........................................passed
And Mimic has no learned requests...........................................passed
When I "sub" values 5 and 2 with answer 3...................................passed
And I "sub" values 5 and 4 with answer 1....................................passed
And I "sub" values 9 and 4 with answer 5....................................passed
And I ask for 35 "sub" 5....................................................passed
Then I get response "30"....................................................passed
]]></system-out>
</testcase>
<testcase classname="The mock should learn to respond to requests that I have not defined so that i do not have to add code for that manually" name="Learning to calculate division." time="0.760015">
<system-out><![CDATA[Given Mimicservice is up and running........................................passed
And Mimic has no learned requests...........................................passed
When I "div" values 6 and 2 with answer 3...................................passed
And I "div" values 10 and 2 with answer 5...................................passed
And I "div" values 10 and 5 with answer 2...................................passed
And I ask for 30 "div" 3....................................................passed
Then I get response "10"....................................................passed
]]></system-out>
</testcase>
<testcase classname="The mock should learn to respond to requests that I have not defined so that i do not have to add code for that manually" name="Learning to calculate multiply." time="0.781508">
<system-out><![CDATA[Given Mimicservice is up and running........................................passed
And Mimic has no learned requests...........................................passed
When I "mult" values 5 and 2 with answer 10.................................passed
And I "mult" values 5 and 5 with answer 25..................................passed
And I "mult" values 9 and 4 with answer 36..................................passed
And I ask for 5 "mult" 30...................................................passed
Then I get response "150"...................................................passed
]]></system-out>
</testcase>
<testcase classname="The mock should learn to respond to requests that I have not defined so that i do not have to add code for that manually" name="Learning to calculate mulitply diffirently." time="1.163853">
<failure message="java.lang.Exception&#13;&#10;&#9;at MimicServiceProject.MimicService.MimicTestSteps.i_get_response(MimicTestSteps.java:35)&#13;&#10;&#9;at ✽.Then I get response &quot;150&quot;(MimicServiceProject/MimicService/MimicTestU11.feature:46)&#13;&#10;"><![CDATA[Given Mimicservice is up and running........................................passed
And Mimic has no learned requests...........................................passed
When I "mult" values 5 and 2 with answer 10.................................passed
And I "mult" values 5 and 4 with answer 20..................................passed
And I "mult" values 9 and 4 with answer 36..................................passed
And I ask for 5 "mult" 30...................................................passed
Then I get response "150"...................................................failed

StackTrace:
java.lang.Exception
	at MimicServiceProject.MimicService.MimicTestSteps.i_get_response(MimicTestSteps.java:35)
	at ✽.Then I get response "150"(MimicServiceProject/MimicService/MimicTestU11.feature:46)
]]></failure>
</testcase>
<testcase classname="The mock should learn to respond to requests that I have not defined so that i do not have to add code for that manually" name="Learning to calculate subtraction with a negative answer." time="0.534009">
<system-out><![CDATA[Given Mimicservice is up and running........................................passed
And Mimic has no learned requests...........................................passed
When I "sub" values 5 and 2 with answer 3...................................passed
And I "sub" values 5 and 4 with answer 1....................................passed
And I "sub" values 9 and 4 with answer 5....................................passed
And I ask for 5 "sub" 35....................................................passed
Then I get response "-30"...................................................passed
]]></system-out>
</testcase>
<testcase classname="The mock should learn to respond to requests that I have not defined so that i do not have to add code for that manually" name="Learning to calculate division and divide by zero." time="0.628276">
<system-out><![CDATA[Given Mimicservice is up and running........................................passed
And Mimic has no learned requests...........................................passed
When I "div" values 6 and 2 with answer 3...................................passed
And I "div" values 10 and 2 with answer 5...................................passed
And I "div" values 10 and 5 with answer 2...................................passed
And I ask for 30 "div" 0....................................................passed
Then I get response ""......................................................passed
]]></system-out>
</testcase>
<testcase classname="The mock should remember requests and responses using the Service U1,U2" name="Learn a response and verify it remembers it &#9; correctly. TF:2.01" time="0.348238">
<system-out><![CDATA[Given Mimicservice is up and running........................................passed
And has learned request "Number" and response "One".........................passed
When I give request "Number"................................................passed
Then I get response "One"...................................................passed
]]></system-out>
</testcase>
<testcase classname="The mock should remember requests and responses using the Service U1,U2" name="Try to get a response from a non-existing request. TF:2.03" time="0.174333">
<system-out><![CDATA[Given Mimicservice is up and running........................................passed
When I give request "adasda"................................................passed
Then I get response Form....................................................passed
]]></system-out>
</testcase>
<testcase classname="The mock should remember requests and responses using the Service U1,U2" name="Learning multiple req/resp and verify it remembers not only first/last response. TF:2.04" time="0.819803">
<system-out><![CDATA[Given Mimicservice is up and running........................................passed
And has learned request "Banana" and response "Skids".......................passed
And has learned request "Laurel" and response "Hardy".......................passed
And has learned request "Ful" and response "Bil"............................passed
When I give request "Laurel"................................................passed
Then I get response "Hardy".................................................passed
]]></system-out>
</testcase>
<testcase classname="As a Tester I would like to unlearn the previously learned response so that I do not have to perform the request again" name="Learn a response then unlearn it. TF:2.02" time="1.06979">
<system-out><![CDATA[Given Mimicservice is up and running........................................passed
And Mimic has no learned requests...........................................passed
And has learned request "Number" and response "One".........................passed
When I use unlearn command..................................................passed
And I give request "Number".................................................passed
Then I get response Form....................................................passed
]]></system-out>
</testcase>
<testcase classname="As a Tester I would like the mock to unlearn all responses so that I can rerun all the tests without restarting the service" name="Learning multiple req/resp and verify it unlearn all" time="0.987091">
<system-out><![CDATA[Given Mimicservice is up and running........................................passed
And has learned request "Banana" and response "Skids".......................passed
And has learned request "Laurel" and response "Hardy".......................passed
And has learned request "Ful" and response "Bil"............................passed
When I use unlearnAll command...............................................passed
And I give request "Laurel".................................................passed
And I give request "Ful"....................................................passed
Then I get response Form....................................................passed
]]></system-out>
</testcase>
<testcase classname="Unlearn the previously learned response in the middle of a sequence" name="Unlearn in the middle of a sequence" time="1.190531">
<system-out><![CDATA[Given Mimicservice is up and running........................................passed
And has learned request "Number" and response "1"...........................passed
And has learned request "Number" and response "2"...........................passed
And I give request "Number".................................................passed
And I give request "Number".................................................passed
And has learned request "Number" and response "3"...........................passed
And I give request "Number".................................................passed
And I give request "Number".................................................passed
And has learned request "Number" and response "4"...........................passed
And I give request "Number".................................................passed
And I give request "Number".................................................passed
When I resetState...........................................................passed
And I give request "Number".................................................passed
And I give request "Number".................................................passed
And I give request "Number".................................................passed
And I use unlearn command...................................................passed
And I give request "Number".................................................passed
Then I get response "2".....................................................passed
]]></system-out>
</testcase>
</testsuite>
